<?xml version="1.0" encoding="UTF-8"?>
<testsuite xmlns:xsi="http://www.w3.org/2001/XMLSchema-instance" xsi:noNamespaceSchemaLocation="https://maven.apache.org/surefire/maven-surefire-plugin/xsd/surefire-test-report-3.0.xsd" version="3.0" name="com.mycompany.app.task2.ClosedHashTest" time="0.039" tests="19" errors="0" skipped="0" failures="0">
  <properties>
    <property name="java.specification.version" value="21"/>
    <property name="sun.jnu.encoding" value="UTF-8"/>
    <property name="java.class.path" value="/home/exdo/Documents/ITMO/Testing/Lab1/target/test-classes:/home/exdo/Documents/ITMO/Testing/Lab1/target/classes:/home/exdo/.m2/repository/org/junit/jupiter/junit-jupiter-engine/5.8.2/junit-jupiter-engine-5.8.2.jar:/home/exdo/.m2/repository/org/junit/platform/junit-platform-engine/1.8.2/junit-platform-engine-1.8.2.jar:/home/exdo/.m2/repository/org/opentest4j/opentest4j/1.2.0/opentest4j-1.2.0.jar:/home/exdo/.m2/repository/org/junit/platform/junit-platform-commons/1.8.2/junit-platform-commons-1.8.2.jar:/home/exdo/.m2/repository/org/junit/jupiter/junit-jupiter-api/5.8.2/junit-jupiter-api-5.8.2.jar:/home/exdo/.m2/repository/org/apiguardian/apiguardian-api/1.1.2/apiguardian-api-1.1.2.jar:/home/exdo/.m2/repository/org/junit/jupiter/junit-jupiter-params/5.8.2/junit-jupiter-params-5.8.2.jar:"/>
    <property name="java.vm.vendor" value="Oracle Corporation"/>
    <property name="sun.arch.data.model" value="64"/>
    <property name="java.vendor.url" value="https://openjdk.org/"/>
    <property name="os.name" value="Linux"/>
    <property name="java.vm.specification.version" value="21"/>
    <property name="sun.java.launcher" value="SUN_STANDARD"/>
    <property name="user.country" value="US"/>
    <property name="sun.boot.library.path" value="/usr/lib/jvm/java-21-openjdk/lib"/>
    <property name="sun.java.command" value="/home/exdo/Documents/ITMO/Testing/Lab1/target/surefire/surefirebooter10154173202903167232.jar /home/exdo/Documents/ITMO/Testing/Lab1/target/surefire 2024-03-01T09-05-47_431-jvmRun1 surefire16456025882919284227tmp surefire_08161405264690612772tmp"/>
    <property name="jdk.debug" value="release"/>
    <property name="surefire.test.class.path" value="/home/exdo/Documents/ITMO/Testing/Lab1/target/test-classes:/home/exdo/Documents/ITMO/Testing/Lab1/target/classes:/home/exdo/.m2/repository/org/junit/jupiter/junit-jupiter-engine/5.8.2/junit-jupiter-engine-5.8.2.jar:/home/exdo/.m2/repository/org/junit/platform/junit-platform-engine/1.8.2/junit-platform-engine-1.8.2.jar:/home/exdo/.m2/repository/org/opentest4j/opentest4j/1.2.0/opentest4j-1.2.0.jar:/home/exdo/.m2/repository/org/junit/platform/junit-platform-commons/1.8.2/junit-platform-commons-1.8.2.jar:/home/exdo/.m2/repository/org/junit/jupiter/junit-jupiter-api/5.8.2/junit-jupiter-api-5.8.2.jar:/home/exdo/.m2/repository/org/apiguardian/apiguardian-api/1.1.2/apiguardian-api-1.1.2.jar:/home/exdo/.m2/repository/org/junit/jupiter/junit-jupiter-params/5.8.2/junit-jupiter-params-5.8.2.jar:"/>
    <property name="sun.cpu.endian" value="little"/>
    <property name="user.home" value="/home/exdo"/>
    <property name="user.language" value="en"/>
    <property name="java.specification.vendor" value="Oracle Corporation"/>
    <property name="java.version.date" value="2024-01-16"/>
    <property name="java.home" value="/usr/lib/jvm/java-21-openjdk"/>
    <property name="file.separator" value="/"/>
    <property name="basedir" value="/home/exdo/Documents/ITMO/Testing/Lab1"/>
    <property name="java.vm.compressedOopsMode" value="Zero based"/>
    <property name="line.separator" value="&#10;"/>
    <property name="java.specification.name" value="Java Platform API Specification"/>
    <property name="java.vm.specification.vendor" value="Oracle Corporation"/>
    <property name="surefire.real.class.path" value="/home/exdo/Documents/ITMO/Testing/Lab1/target/surefire/surefirebooter10154173202903167232.jar"/>
    <property name="sun.management.compiler" value="HotSpot 64-Bit Tiered Compilers"/>
    <property name="java.runtime.version" value="21.0.2+13"/>
    <property name="user.name" value="exdo"/>
    <property name="stdout.encoding" value="UTF-8"/>
    <property name="path.separator" value=":"/>
    <property name="os.version" value="6.7.6-arch1-2"/>
    <property name="java.runtime.name" value="OpenJDK Runtime Environment"/>
    <property name="file.encoding" value="UTF-8"/>
    <property name="java.vm.name" value="OpenJDK 64-Bit Server VM"/>
    <property name="localRepository" value="/home/exdo/.m2/repository"/>
    <property name="java.vendor.url.bug" value="https://bugreport.java.com/bugreport/"/>
    <property name="java.io.tmpdir" value="/tmp"/>
    <property name="java.version" value="21.0.2"/>
    <property name="user.dir" value="/home/exdo/Documents/ITMO/Testing/Lab1"/>
    <property name="os.arch" value="amd64"/>
    <property name="java.vm.specification.name" value="Java Virtual Machine Specification"/>
    <property name="native.encoding" value="UTF-8"/>
    <property name="java.library.path" value="/usr/java/packages/lib:/usr/lib64:/lib64:/lib:/usr/lib"/>
    <property name="java.vm.info" value="mixed mode, sharing"/>
    <property name="stderr.encoding" value="UTF-8"/>
    <property name="java.vendor" value="N/A"/>
    <property name="java.vm.version" value="21.0.2+13"/>
    <property name="sun.io.unicode.encoding" value="UnicodeLittle"/>
    <property name="java.class.version" value="65.0"/>
  </properties>
  <testcase name="fullFilling(Methods)[1]" classname="com.mycompany.app.task2.ClosedHashTest" time="0.003"/>
  <testcase name="fullFilling(Methods)[2]" classname="com.mycompany.app.task2.ClosedHashTest" time="0"/>
  <testcase name="fullFilling(Methods)[3]" classname="com.mycompany.app.task2.ClosedHashTest" time="0.001"/>
  <testcase name="testCollisionHandling(Methods)[1]" classname="com.mycompany.app.task2.ClosedHashTest" time="0.001"/>
  <testcase name="testCollisionHandling(Methods)[2]" classname="com.mycompany.app.task2.ClosedHashTest" time="0.001"/>
  <testcase name="testCollisionHandling(Methods)[3]" classname="com.mycompany.app.task2.ClosedHashTest" time="0.001"/>
  <testcase name="testToString(Methods)[1]" classname="com.mycompany.app.task2.ClosedHashTest" time="0.001"/>
  <testcase name="testToString(Methods)[2]" classname="com.mycompany.app.task2.ClosedHashTest" time="0"/>
  <testcase name="testToString(Methods)[3]" classname="com.mycompany.app.task2.ClosedHashTest" time="0.001"/>
  <testcase name="testAddAndGet(Methods)[1]" classname="com.mycompany.app.task2.ClosedHashTest" time="0.001"/>
  <testcase name="testAddAndGet(Methods)[2]" classname="com.mycompany.app.task2.ClosedHashTest" time="0"/>
  <testcase name="testAddAndGet(Methods)[3]" classname="com.mycompany.app.task2.ClosedHashTest" time="0"/>
  <testcase name="testQuadricVeryMultiAdd" classname="com.mycompany.app.task2.ClosedHashTest" time="0.002"/>
  <testcase name="testQuadricMultiAdd" classname="com.mycompany.app.task2.ClosedHashTest" time="0.001"/>
  <testcase name="simpleFilling(Methods)[1]" classname="com.mycompany.app.task2.ClosedHashTest" time="0.001"/>
  <testcase name="simpleFilling(Methods)[2]" classname="com.mycompany.app.task2.ClosedHashTest" time="0"/>
  <testcase name="testRemove(Methods)[1]" classname="com.mycompany.app.task2.ClosedHashTest" time="0.001"/>
  <testcase name="testRemove(Methods)[2]" classname="com.mycompany.app.task2.ClosedHashTest" time="0"/>
  <testcase name="testRemove(Methods)[3]" classname="com.mycompany.app.task2.ClosedHashTest" time="0"/>
</testsuite>